\BOOKMARK [1][-]{section.1}{INTRODUCTION}{}% 1
\BOOKMARK [1][-]{section.2}{REQUIREMENTS AND CONSTRAINTS}{}% 2
\BOOKMARK [1][-]{section.3}{BACKGROUND}{}% 3
\BOOKMARK [1][-]{section.4}{DESIGN OVERVIEW}{}% 4
\BOOKMARK [1][-]{section.5}{CONCEPTUAL MODEL}{}% 5
\BOOKMARK [2][-]{subsection.5.1}{Controller}{section.5}% 6
\BOOKMARK [2][-]{subsection.5.2}{Model}{section.5}% 7
\BOOKMARK [2][-]{subsection.5.3}{View}{section.5}% 8
\BOOKMARK [1][-]{section.6}{CLASS RESPONSIBILITIES}{}% 9
\BOOKMARK [2][-]{subsection.6.1}{Game Class}{section.6}% 10
\BOOKMARK [2][-]{subsection.6.2}{Display Class}{section.6}% 11
\BOOKMARK [2][-]{subsection.6.3}{Manager Classes}{section.6}% 12
\BOOKMARK [2][-]{subsection.6.4}{Data Classes}{section.6}% 13
\BOOKMARK [3][-]{subsubsection.6.4.1}{Model Classes}{subsection.6.4}% 14
\BOOKMARK [3][-]{subsubsection.6.4.2}{Game data}{subsection.6.4}% 15
\BOOKMARK [2][-]{subsection.6.5}{Usage of SFML}{section.6}% 16
\BOOKMARK [3][-]{subsubsection.6.5.1}{Dependant Classes}{subsection.6.5}% 17
\BOOKMARK [3][-]{subsubsection.6.5.2}{Draw Manager}{subsection.6.5}% 18
\BOOKMARK [3][-]{subsubsection.6.5.3}{Collision Detection}{subsection.6.5}% 19
\BOOKMARK [2][-]{subsection.6.6}{GeometryEngine}{section.6}% 20
\BOOKMARK [1][-]{section.7}{DYNAMIC BEHAVIOUR}{}% 21
\BOOKMARK [2][-]{subsection.7.1}{Memory Management}{section.7}% 22
\BOOKMARK [1][-]{section.8}{TESTING}{}% 23
\BOOKMARK [1][-]{section.9}{CRITICAL ANALYSIS}{}% 24
\BOOKMARK [2][-]{subsection.9.1}{Maintainability}{section.9}% 25
\BOOKMARK [2][-]{subsection.9.2}{The DRY principle}{section.9}% 26
\BOOKMARK [1][-]{section.10}{RECOMMENDATIONS}{}% 27
\BOOKMARK [1][-]{section.11}{CONCLUSION}{}% 28
